<?xml version="1.0"?><coverage line-rate="0.8426966292134831" branch-rate="1.0" version="1.9" timestamp="1530277719"><sources><source>/holochain</source></sources><packages><package name="agent/src" line-rate="1" branch-rate="1.0" complexity="0.0"><classes><class name="lib" filename="lib.rs" line-rate="1" branch-rate="1.0" complexity="0.0"><methods/><lines><line number="13" hits="2"/><line number="16" hits="2"/><line number="17" hits="2"/><line number="18" hits="2"/><line number="28" hits="2"/><line number="29" hits="1"/><line number="30" hits="1"/><line number="32" hits="1"/><line number="34" hits="1"/><line number="35" hits="1"/></lines></class></classes></package><package name="core/src/agent" line-rate="1" branch-rate="1.0" complexity="0.0"><classes><class name="mod" filename="mod.rs" line-rate="1" branch-rate="1.0" complexity="0.0"><methods/><lines><line number="16" hits="2"/><line number="29" hits="2"/><line number="34" hits="2"/><line number="35" hits="2"/><line number="36" hits="1"/><line number="37" hits="1"/><line number="38" hits="1"/><line number="40" hits="1"/><line number="42" hits="2"/></lines></class></classes></package><package name="core/src/common" line-rate="0.9183673" branch-rate="1.0" complexity="0.0"><classes><class name="entry" filename="entry.rs" line-rate="0.9183673" branch-rate="1.0" complexity="0.0"><methods/><lines><line number="12" hits="1"/><line number="13" hits="1"/><line number="18" hits="1"/><line number="19" hits="1"/><line number="20" hits="1"/><line number="21" hits="0"/><line number="23" hits="1"/><line number="24" hits="1"/><line number="25" hits="1"/><line number="26" hits="1"/><line number="29" hits="1"/><line number="30" hits="1"/><line number="33" hits="1"/><line number="34" hits="1"/><line number="37" hits="1"/><line number="39" hits="0"/><line number="53" hits="1"/><line number="54" hits="1"/><line number="55" hits="1"/><line number="60" hits="1"/><line number="61" hits="1"/><line number="62" hits="1"/><line number="63" hits="1"/><line number="64" hits="0"/><line number="66" hits="1"/><line number="67" hits="1"/><line number="68" hits="1"/><line number="69" hits="1"/><line number="72" hits="1"/><line number="73" hits="1"/><line number="76" hits="1"/><line number="77" hits="1"/><line number="80" hits="1"/><line number="81" hits="1"/><line number="84" hits="1"/><line number="86" hits="0"/><line number="98" hits="2"/><line number="99" hits="1"/><line number="100" hits="1"/><line number="102" hits="1"/><line number="103" hits="1"/><line number="104" hits="1"/><line number="108" hits="2"/><line number="109" hits="1"/><line number="110" hits="1"/><line number="112" hits="1"/><line number="113" hits="1"/><line number="114" hits="1"/><line number="115" hits="1"/></lines></class></classes></package><package name="core/src" line-rate="0.90343696" branch-rate="1.0" complexity="0.0"><classes><class name="context" filename="context.rs" line-rate="1" branch-rate="1.0" complexity="0.0"><methods/><lines><line number="17" hits="1"/><line number="18" hits="1"/><line number="19" hits="1"/><line number="20" hits="1"/><line number="21" hits="1"/><line number="22" hits="1"/><line number="25" hits="1"/></lines></class><class name="error" filename="error.rs" line-rate="0.6363636" branch-rate="1.0" complexity="0.0"><methods/><lines><line number="15" hits="1"/><line number="16" hits="1"/><line number="21" hits="0"/><line number="22" hits="0"/><line number="29" hits="0"/><line number="30" hits="0"/><line number="31" hits="0"/><line number="32" hits="0"/><line number="33" hits="0"/><line number="34" hits="0"/><line number="35" hits="0"/><line number="44" hits="1"/><line number="45" hits="1"/><line number="46" hits="1"/><line number="48" hits="1"/><line number="53" hits="2"/><line number="54" hits="1"/><line number="55" hits="1"/><line number="56" hits="1"/><line number="58" hits="0"/><line number="63" hits="2"/><line number="64" hits="1"/><line number="65" hits="1"/><line number="66" hits="1"/><line number="67" hits="1"/><line number="68" hits="1"/><line number="69" hits="0"/><line number="75" hits="2"/><line number="76" hits="1"/><line number="77" hits="1"/><line number="78" hits="1"/><line number="79" hits="0"/><line number="81" hits="1"/></lines></class><class name="instance" filename="instance.rs" line-rate="0.77272725" branch-rate="1.0" complexity="0.0"><methods/><lines><line number="22" hits="2"/><line number="23" hits="2"/><line number="30" hits="2"/><line number="31" hits="2"/><line number="32" hits="2"/><line number="34" hits="0"/><line number="35" hits="2"/><line number="38" hits="2"/><line number="39" hits="2"/><line number="40" hits="2"/><line number="42" hits="2"/><line number="43" hits="4"/><line number="44" hits="2"/><line number="45" hits="2"/><line number="46" hits="0"/><line number="47" hits="0"/><line number="48" hits="2"/><line number="49" hits="0"/><line number="50" hits="0"/><line number="54" hits="2"/><line number="55" hits="2"/><line number="56" hits="0"/><line number="59" hits="2"/><line number="61" hits="0"/><line number="63" hits="2"/><line number="65" hits="0"/><line number="67" hits="2"/><line number="69" hits="0"/><line number="72" hits="3"/><line number="76" hits="3"/><line number="77" hits="3"/><line number="78" hits="0"/><line number="81" hits="3"/><line number="84" hits="3"/><line number="87" hits="2"/><line number="88" hits="2"/><line number="89" hits="2"/><line number="90" hits="2"/><line number="91" hits="2"/><line number="93" hits="2"/><line number="95" hits="4"/><line number="96" hits="0"/><line number="98" hits="2"/><line number="99" hits="2"/><line number="100" hits="2"/><line number="103" hits="2"/><line number="104" hits="2"/><line number="108" hits="2"/><line number="109" hits="2"/><line number="114" hits="2"/><line number="115" hits="2"/><line number="116" hits="0"/><line number="117" hits="4"/><line number="118" hits="2"/><line number="119" hits="2"/><line number="121" hits="2"/><line number="122" hits="0"/><line number="125" hits="1"/><line number="131" hits="2"/><line number="132" hits="2"/><line number="133" hits="2"/><line number="135" hits="2"/><line number="141" hits="2"/><line number="142" hits="2"/><line number="147" hits="0"/><line number="148" hits="0"/></lines></class><class name="lib" filename="lib.rs" line-rate="0.94382024" branch-rate="1.0" complexity="0.0"><methods/><lines><line number="34" hits="1"/><line number="35" hits="1"/><line number="36" hits="1"/><line number="37" hits="1"/><line number="38" hits="1"/><line number="41" hits="2"/><line number="42" hits="2"/><line number="58" hits="3"/><line number="61" hits="2"/><line number="64" hits="2"/><line number="67" hits="2"/><line number="70" hits="2"/><line number="72" hits="2"/><line number="73" hits="2"/><line number="74" hits="2"/><line number="75" hits="2"/><line number="76" hits="2"/><line number="77" hits="2"/><line number="78" hits="2"/><line number="79" hits="2"/><line number="80" hits="2"/><line number="104" hits="2"/><line number="105" hits="1"/><line number="106" hits="1"/><line number="108" hits="1"/><line number="109" hits="1"/><line number="110" hits="1"/><line number="111" hits="1"/><line number="112" hits="2"/><line number="113" hits="1"/><line number="114" hits="1"/><line number="115" hits="1"/><line number="117" hits="0"/><line number="121" hits="1"/><line number="123" hits="1"/><line number="127" hits="2"/><line number="128" hits="1"/><line number="129" hits="1"/><line number="130" hits="1"/><line number="132" hits="1"/><line number="133" hits="1"/><line number="134" hits="1"/><line number="135" hits="1"/><line number="137" hits="1"/><line number="138" hits="1"/><line number="140" hits="1"/><line number="141" hits="1"/><line number="144" hits="1"/><line number="146" hits="1"/><line number="147" hits="1"/><line number="148" hits="1"/><line number="149" hits="1"/><line number="150" hits="1"/><line number="151" hits="1"/><line number="155" hits="2"/><line number="156" hits="1"/><line number="157" hits="1"/><line number="160" hits="1"/><line number="162" hits="1"/><line number="163" hits="1"/><line number="165" hits="1"/><line number="166" hits="0"/><line number="172" hits="2"/><line number="173" hits="1"/><line number="174" hits="1"/><line number="177" hits="1"/><line number="179" hits="1"/><line number="181" hits="1"/><line number="183" hits="1"/><line number="184" hits="1"/><line number="185" hits="1"/><line number="187" hits="0"/><line number="192" hits="2"/><line number="193" hits="1"/><line number="194" hits="1"/><line number="197" hits="1"/><line number="199" hits="1"/><line number="201" hits="1"/><line number="203" hits="1"/><line number="204" hits="1"/><line number="205" hits="1"/><line number="207" hits="0"/><line number="211" hits="1"/><line number="213" hits="1"/><line number="215" hits="1"/><line number="217" hits="1"/><line number="218" hits="1"/><line number="219" hits="1"/><line number="221" hits="0"/></lines></class><class name="logger" filename="logger.rs" line-rate="0" branch-rate="1.0" complexity="0.0"><methods/><lines><line number="19" hits="0"/><line number="20" hits="0"/><line number="21" hits="0"/><line number="29" hits="0"/><line number="30" hits="0"/></lines></class><class name="persister" filename="persister.rs" line-rate="0.95238096" branch-rate="1.0" complexity="0.0"><methods/><lines><line number="16" hits="1"/><line number="17" hits="1"/><line number="19" hits="1"/><line number="20" hits="1"/><line number="25" hits="2"/><line number="36" hits="2"/><line number="37" hits="1"/><line number="38" hits="1"/><line number="39" hits="1"/><line number="40" hits="1"/><line number="41" hits="1"/><line number="42" hits="0"/><line number="48" hits="2"/><line number="49" hits="1"/><line number="51" hits="1"/><line number="53" hits="1"/><line number="54" hits="1"/><line number="55" hits="1"/><line number="56" hits="1"/><line number="58" hits="1"/><line number="60" hits="1"/></lines></class><class name="state" filename="state.rs" line-rate="0.8518519" branch-rate="1.0" complexity="0.0"><methods/><lines><line number="24" hits="2"/><line number="27" hits="2"/><line number="33" hits="2"/><line number="34" hits="2"/><line number="41" hits="2"/><line number="42" hits="2"/><line number="54" hits="2"/><line number="56" hits="2"/><line number="57" hits="2"/><line number="58" hits="2"/><line number="62" hits="2"/><line number="67" hits="2"/><line number="68" hits="2"/><line number="69" hits="2"/><line number="70" hits="0"/><line number="71" hits="2"/><line number="73" hits="2"/><line number="74" hits="2"/><line number="75" hits="0"/><line number="76" hits="2"/><line number="78" hits="2"/><line number="81" hits="2"/><line number="82" hits="2"/><line number="85" hits="2"/><line number="86" hits="2"/><line number="89" hits="0"/><line number="90" hits="0"/></lines></class></classes></package><package name="core/src/nucleus" line-rate="0.9285714" branch-rate="1.0" complexity="0.0"><classes><class name="mod" filename="mod.rs" line-rate="1" branch-rate="1.0" complexity="0.0"><methods/><lines><line number="21" hits="2"/><line number="25" hits="2"/><line number="29" hits="2"/><line number="30" hits="2"/><line number="32" hits="1"/><line number="33" hits="1"/><line number="35" hits="2"/><line number="39" hits="2"/><line number="40" hits="2"/><line number="41" hits="2"/><line number="55" hits="3"/><line number="60" hits="3"/><line number="61" hits="3"/><line number="62" hits="3"/><line number="63" hits="3"/><line number="64" hits="3"/><line number="69" hits="2"/><line number="73" hits="2"/><line number="76" hits="2"/><line number="77" hits="4"/><line number="78" hits="2"/><line number="79" hits="2"/><line number="80" hits="2"/><line number="82" hits="2"/><line number="84" hits="2"/><line number="89" hits="2"/><line number="99" hits="2"/><line number="111" hits="2"/><line number="116" hits="2"/><line number="117" hits="2"/><line number="118" hits="2"/><line number="119" hits="2"/><line number="120" hits="2"/><line number="121" hits="2"/><line number="122" hits="2"/><line number="123" hits="2"/><line number="127" hits="2"/><line number="128" hits="2"/><line number="129" hits="2"/><line number="130" hits="2"/><line number="131" hits="2"/><line number="132" hits="2"/><line number="134" hits="2"/><line number="136" hits="2"/><line number="137" hits="2"/><line number="138" hits="4"/><line number="140" hits="2"/><line number="141" hits="2"/><line number="142" hits="2"/><line number="143" hits="2"/><line number="145" hits="2"/><line number="146" hits="2"/><line number="147" hits="2"/><line number="150" hits="1"/><line number="151" hits="1"/><line number="152" hits="1"/><line number="153" hits="1"/><line number="158" hits="2"/><line number="159" hits="2"/><line number="160" hits="2"/><line number="164" hits="2"/><line number="167" hits="2"/><line number="168" hits="1"/><line number="169" hits="1"/><line number="170" hits="1"/><line number="172" hits="1"/><line number="175" hits="1"/><line number="183" hits="2"/><line number="184" hits="2"/><line number="186" hits="2"/><line number="189" hits="2"/><line number="191" hits="1"/><line number="203" hits="2"/><line number="204" hits="1"/><line number="205" hits="1"/><line number="206" hits="1"/><line number="210" hits="2"/><line number="211" hits="1"/><line number="212" hits="1"/><line number="213" hits="1"/><line number="214" hits="1"/><line number="215" hits="1"/><line number="216" hits="1"/><line number="219" hits="1"/><line number="220" hits="1"/><line number="224" hits="2"/><line number="225" hits="1"/><line number="226" hits="1"/><line number="227" hits="1"/><line number="228" hits="1"/><line number="229" hits="1"/><line number="232" hits="1"/><line number="233" hits="1"/><line number="234" hits="1"/><line number="235" hits="1"/><line number="236" hits="1"/></lines></class><class name="ribosome" filename="ribosome.rs" line-rate="0.77272725" branch-rate="1.0" complexity="0.0"><methods/><lines><line number="17" hits="2"/><line number="22" hits="2"/><line number="27" hits="1"/><line number="32" hits="0"/><line number="33" hits="1"/><line number="34" hits="1"/><line number="35" hits="1"/><line number="36" hits="1"/><line number="38" hits="0"/><line number="46" hits="1"/><line number="51" hits="0"/><line number="52" hits="1"/><line number="53" hits="1"/><line number="54" hits="0"/><line number="56" hits="0"/><line number="57" hits="0"/><line number="58" hits="0"/><line number="59" hits="0"/><line number="63" hits="1"/><line number="67" hits="2"/><line number="68" hits="2"/><line number="70" hits="2"/><line number="74" hits="2"/><line number="79" hits="0"/><line number="81" hits="2"/><line number="83" hits="2"/><line number="85" hits="2"/><line number="86" hits="2"/><line number="87" hits="2"/><line number="90" hits="2"/><line number="92" hits="2"/><line number="93" hits="2"/><line number="98" hits="0"/><line number="100" hits="2"/><line number="101" hits="2"/><line number="103" hits="2"/><line number="104" hits="2"/><line number="112" hits="1"/><line number="113" hits="1"/><line number="137" hits="1"/><line number="141" hits="2"/><line number="142" hits="1"/><line number="143" hits="1"/><line number="144" hits="1"/></lines></class></classes></package><package name="core/src/source_chain/memory" line-rate="0.9758065" branch-rate="1.0" complexity="0.0"><classes><class name="mod" filename="mod.rs" line-rate="0.9758065" branch-rate="1.0" complexity="0.0"><methods/><lines><line number="9" hits="1"/><line number="10" hits="1"/><line number="19" hits="1"/><line number="20" hits="1"/><line number="29" hits="1"/><line number="30" hits="1"/><line number="37" hits="1"/><line number="38" hits="2"/><line number="41" hits="1"/><line number="43" hits="1"/><line number="47" hits="1"/><line number="48" hits="1"/><line number="49" hits="1"/><line number="51" hits="0"/><line number="56" hits="1"/><line number="59" hits="1"/><line number="60" hits="1"/><line number="63" hits="1"/><line number="64" hits="2"/><line number="67" hits="1"/><line number="70" hits="1"/><line number="73" hits="2"/><line number="76" hits="1"/><line number="79" hits="1"/><line number="82" hits="2"/><line number="95" hits="1"/><line number="96" hits="1"/><line number="97" hits="1"/><line number="98" hits="1"/><line number="99" hits="1"/><line number="101" hits="1"/><line number="102" hits="1"/><line number="106" hits="2"/><line number="107" hits="1"/><line number="108" hits="1"/><line number="111" hits="1"/><line number="112" hits="1"/><line number="113" hits="1"/><line number="114" hits="1"/><line number="115" hits="1"/><line number="116" hits="1"/><line number="120" hits="2"/><line number="121" hits="1"/><line number="122" hits="1"/><line number="123" hits="1"/><line number="125" hits="1"/><line number="126" hits="1"/><line number="127" hits="1"/><line number="128" hits="1"/><line number="130" hits="1"/><line number="131" hits="1"/><line number="132" hits="1"/><line number="133" hits="1"/><line number="137" hits="2"/><line number="138" hits="1"/><line number="139" hits="1"/><line number="140" hits="1"/><line number="142" hits="1"/><line number="143" hits="1"/><line number="144" hits="1"/><line number="145" hits="1"/><line number="147" hits="1"/><line number="148" hits="1"/><line number="149" hits="1"/><line number="150" hits="1"/><line number="154" hits="2"/><line number="155" hits="1"/><line number="156" hits="1"/><line number="158" hits="1"/><line number="159" hits="1"/><line number="160" hits="1"/><line number="165" hits="2"/><line number="166" hits="1"/><line number="167" hits="1"/><line number="169" hits="1"/><line number="172" hits="1"/><line number="173" hits="1"/><line number="177" hits="2"/><line number="179" hits="1"/><line number="180" hits="1"/><line number="181" hits="1"/><line number="183" hits="1"/><line number="184" hits="1"/><line number="185" hits="1"/><line number="186" hits="1"/><line number="189" hits="1"/><line number="192" hits="0"/><line number="193" hits="1"/><line number="194" hits="1"/><line number="196" hits="1"/><line number="202" hits="2"/><line number="204" hits="1"/><line number="205" hits="1"/><line number="206" hits="1"/><line number="208" hits="1"/><line number="209" hits="1"/><line number="210" hits="1"/><line number="211" hits="1"/><line number="214" hits="1"/><line number="215" hits="1"/><line number="216" hits="1"/><line number="217" hits="1"/><line number="218" hits="1"/><line number="222" hits="0"/><line number="223" hits="1"/><line number="224" hits="1"/><line number="226" hits="1"/><line number="231" hits="1"/><line number="232" hits="1"/><line number="233" hits="1"/><line number="234" hits="1"/><line number="235" hits="1"/><line number="240" hits="2"/><line number="242" hits="1"/><line number="243" hits="1"/><line number="244" hits="1"/><line number="246" hits="1"/><line number="247" hits="1"/><line number="248" hits="1"/><line number="249" hits="1"/><line number="251" hits="1"/><line number="252" hits="1"/><line number="254" hits="1"/><line number="255" hits="1"/></lines></class></classes></package><package name="core/src/source_chain" line-rate="0.9818182" branch-rate="1.0" complexity="0.0"><classes><class name="mod" filename="mod.rs" line-rate="1" branch-rate="1.0" complexity="0.0"><methods/><lines><line number="14" hits="1"/><line number="15" hits="1"/><line number="16" hits="1"/><line number="17" hits="1"/><line number="20" hits="1"/><line number="22" hits="1"/><line number="25" hits="1"/><line number="28" hits="1"/><line number="29" hits="1"/><line number="32" hits="1"/><line number="33" hits="1"/><line number="36" hits="1"/><line number="37" hits="1"/><line number="64" hits="2"/><line number="65" hits="1"/><line number="66" hits="1"/><line number="67" hits="1"/><line number="68" hits="1"/><line number="70" hits="1"/><line number="71" hits="1"/><line number="72" hits="1"/><line number="76" hits="2"/><line number="77" hits="1"/><line number="78" hits="1"/><line number="79" hits="1"/><line number="81" hits="1"/><line number="85" hits="2"/><line number="86" hits="1"/><line number="87" hits="1"/><line number="88" hits="1"/><line number="90" hits="1"/><line number="94" hits="2"/><line number="95" hits="1"/><line number="96" hits="1"/><line number="97" hits="1"/><line number="99" hits="1"/><line number="104" hits="2"/><line number="105" hits="1"/><line number="106" hits="1"/><line number="107" hits="1"/><line number="110" hits="1"/></lines></class></classes></package><package name="core_api/src" line-rate="0.8833333" branch-rate="1.0" complexity="0.0"><classes><class name="lib" filename="lib.rs" line-rate="0.8833333" branch-rate="1.0" complexity="0.0"><methods/><lines><line number="74" hits="1"/><line number="75" hits="1"/><line number="76" hits="1"/><line number="77" hits="1"/><line number="78" hits="1"/><line number="79" hits="1"/><line number="80" hits="1"/><line number="81" hits="1"/><line number="82" hits="1"/><line number="83" hits="1"/><line number="84" hits="0"/><line number="86" hits="1"/><line number="90" hits="1"/><line number="91" hits="1"/><line number="92" hits="1"/><line number="94" hits="1"/><line number="95" hits="1"/><line number="99" hits="1"/><line number="100" hits="1"/><line number="101" hits="1"/><line number="103" hits="1"/><line number="104" hits="1"/><line number="108" hits="1"/><line number="115" hits="1"/><line number="116" hits="1"/><line number="119" hits="1"/><line number="121" hits="1"/><line number="125" hits="1"/><line number="126" hits="1"/><line number="130" hits="1"/><line number="131" hits="1"/><line number="153" hits="1"/><line number="154" hits="1"/><line number="161" hits="1"/><line number="162" hits="1"/><line number="166" hits="1"/><line number="167" hits="0"/><line number="169" hits="1"/><line number="170" hits="1"/><line number="171" hits="1"/><line number="172" hits="1"/><line number="174" hits="1"/><line number="179" hits="2"/><line number="180" hits="1"/><line number="181" hits="1"/><line number="182" hits="1"/><line number="183" hits="1"/><line number="184" hits="1"/><line number="186" hits="1"/><line number="187" hits="1"/><line number="188" hits="1"/><line number="189" hits="1"/><line number="190" hits="1"/><line number="191" hits="1"/><line number="192" hits="1"/><line number="194" hits="0"/><line number="199" hits="2"/><line number="200" hits="1"/><line number="201" hits="1"/><line number="202" hits="1"/><line number="203" hits="1"/><line number="204" hits="1"/><line number="207" hits="1"/><line number="208" hits="1"/><line number="209" hits="1"/><line number="210" hits="0"/><line number="211" hits="0"/><line number="214" hits="1"/><line number="215" hits="1"/><line number="216" hits="1"/><line number="217" hits="0"/><line number="219" hits="1"/><line number="222" hits="1"/><line number="223" hits="1"/><line number="224" hits="1"/><line number="225" hits="0"/><line number="226" hits="0"/><line number="229" hits="1"/><line number="230" hits="1"/><line number="231" hits="1"/><line number="232" hits="0"/><line number="234" hits="1"/><line number="238" hits="2"/><line number="239" hits="1"/><line number="252" hits="1"/><line number="253" hits="1"/><line number="254" hits="1"/><line number="255" hits="1"/><line number="257" hits="1"/><line number="258" hits="1"/><line number="259" hits="1"/><line number="260" hits="0"/><line number="261" hits="0"/><line number="264" hits="1"/><line number="267" hits="1"/><line number="268" hits="1"/><line number="269" hits="1"/><line number="270" hits="1"/><line number="271" hits="0"/><line number="276" hits="2"/><line number="277" hits="1"/><line number="278" hits="1"/><line number="279" hits="1"/><line number="280" hits="1"/><line number="282" hits="1"/><line number="283" hits="1"/><line number="284" hits="1"/><line number="285" hits="1"/><line number="287" hits="0"/><line number="292" hits="2"/><line number="293" hits="1"/><line number="296" hits="1"/><line number="297" hits="1"/><line number="298" hits="1"/><line number="299" hits="1"/><line number="301" hits="1"/><line number="304" hits="1"/><line number="310" hits="1"/><line number="311" hits="1"/><line number="315" hits="0"/></lines></class></classes></package><package name="core_api_c_binding/src" line-rate="0" branch-rate="1.0" complexity="0.0"><classes><class name="lib" filename="lib.rs" line-rate="0" branch-rate="1.0" complexity="0.0"><methods/><lines><line number="21" hits="0"/><line number="25" hits="0"/><line number="26" hits="0"/><line number="28" hits="0"/><line number="29" hits="0"/><line number="30" hits="0"/><line number="31" hits="0"/><line number="34" hits="0"/><line number="35" hits="0"/><line number="37" hits="0"/><line number="38" hits="0"/><line number="39" hits="0"/><line number="44" hits="0"/><line number="45" hits="0"/><line number="46" hits="0"/><line number="47" hits="0"/><line number="49" hits="0"/><line number="52" hits="0"/><line number="56" hits="0"/><line number="57" hits="0"/><line number="58" hits="0"/><line number="59" hits="0"/><line number="61" hits="0"/><line number="64" hits="0"/><line number="70" hits="0"/><line number="77" hits="0"/><line number="78" hits="0"/><line number="79" hits="0"/><line number="80" hits="0"/><line number="81" hits="0"/><line number="83" hits="0"/><line number="86" hits="0"/><line number="87" hits="0"/><line number="88" hits="0"/><line number="89" hits="0"/><line number="90" hits="0"/><line number="92" hits="0"/><line number="93" hits="0"/><line number="94" hits="0"/><line number="95" hits="0"/><line number="96" hits="0"/><line number="98" hits="0"/><line number="99" hits="0"/><line number="100" hits="0"/><line number="102" hits="0"/><line number="106" hits="0"/><line number="107" hits="0"/></lines></class></classes></package><package name="dna/src" line-rate="0.9281768" branch-rate="1.0" complexity="0.0"><classes><class name="lib" filename="lib.rs" line-rate="0.9574468" branch-rate="1.0" complexity="0.0"><methods/><lines><line number="36" hits="4"/><line number="37" hits="4"/><line number="41" hits="4"/><line number="42" hits="4"/><line number="79" hits="4"/><line number="81" hits="4"/><line number="82" hits="4"/><line number="83" hits="4"/><line number="84" hits="4"/><line number="85" hits="4"/><line number="86" hits="4"/><line number="87" hits="4"/><line number="104" hits="4"/><line number="105" hits="4"/><line number="121" hits="2"/><line number="122" hits="2"/><line number="136" hits="2"/><line number="137" hits="2"/><line number="151" hits="1"/><line number="152" hits="1"/><line number="155" hits="3"/><line number="160" hits="3"/><line number="161" hits="3"/><line number="163" hits="6"/><line number="164" hits="3"/><line number="165" hits="0"/><line number="166" hits="0"/><line number="167" hits="6"/><line number="168" hits="3"/><line number="180" hits="2"/><line number="181" hits="1"/><line number="183" hits="1"/><line number="185" hits="1"/><line number="187" hits="1"/><line number="191" hits="2"/><line number="192" hits="1"/><line number="194" hits="1"/><line number="196" hits="1"/><line number="198" hits="1"/><line number="202" hits="2"/><line number="203" hits="1"/><line number="258" hits="0"/><line number="260" hits="1"/><line number="262" hits="1"/><line number="264" hits="1"/><line number="266" hits="1"/><line number="270" hits="2"/><line number="271" hits="1"/><line number="272" hits="1"/><line number="273" hits="1"/><line number="275" hits="1"/><line number="276" hits="1"/><line number="277" hits="1"/><line number="279" hits="1"/><line number="306" hits="1"/><line number="310" hits="2"/><line number="311" hits="1"/><line number="316" hits="1"/><line number="320" hits="2"/><line number="321" hits="1"/><line number="329" hits="1"/><line number="330" hits="1"/><line number="336" hits="2"/><line number="337" hits="1"/><line number="349" hits="1"/><line number="350" hits="1"/><line number="356" hits="2"/><line number="357" hits="1"/><line number="373" hits="0"/><line number="374" hits="1"/><line number="375" hits="1"/><line number="381" hits="2"/><line number="382" hits="1"/><line number="391" hits="2"/><line number="392" hits="1"/><line number="405" hits="2"/><line number="406" hits="1"/><line number="422" hits="2"/><line number="423" hits="1"/><line number="436" hits="1"/><line number="438" hits="1"/><line number="439" hits="1"/><line number="440" hits="1"/><line number="441" hits="1"/><line number="442" hits="1"/><line number="444" hits="1"/><line number="448" hits="1"/><line number="450" hits="1"/><line number="463" hits="2"/><line number="464" hits="1"/><line number="501" hits="1"/><line number="502" hits="1"/><line number="504" hits="1"/><line number="505" hits="1"/></lines></class><class name="wasm" filename="wasm.rs" line-rate="0.8" branch-rate="1.0" complexity="0.0"><methods/><lines><line number="11" hits="2"/><line number="15" hits="2"/><line number="16" hits="2"/><line number="20" hits="1"/><line number="31" hits="0"/><line number="32" hits="0"/><line number="36" hits="1"/><line number="40" hits="1"/><line number="41" hits="1"/><line number="42" hits="0"/><line number="47" hits="1"/><line number="63" hits="3"/><line number="64" hits="3"/><line number="70" hits="3"/><line number="71" hits="3"/></lines></class></classes></package><package name="dna/src/zome" line-rate="0.9166667" branch-rate="1.0" complexity="0.0"><classes><class name="capabilities" filename="capabilities.rs" line-rate="0.88" branch-rate="1.0" complexity="0.0"><methods/><lines><line number="20" hits="0"/><line number="21" hits="0"/><line number="35" hits="3"/><line number="44" hits="3"/><line number="45" hits="0"/><line number="60" hits="1"/><line number="62" hits="1"/><line number="69" hits="1"/><line number="70" hits="1"/><line number="96" hits="3"/><line number="98" hits="3"/><line number="99" hits="3"/><line number="100" hits="3"/><line number="101" hits="3"/><line number="108" hits="3"/><line number="109" hits="3"/><line number="119" hits="2"/><line number="120" hits="1"/><line number="137" hits="1"/><line number="138" hits="1"/><line number="139" hits="1"/><line number="140" hits="1"/><line number="141" hits="1"/><line number="142" hits="1"/><line number="144" hits="1"/></lines></class><class name="entry_types" filename="entry_types.rs" line-rate="0.96428573" branch-rate="1.0" complexity="0.0"><methods/><lines><line number="18" hits="1"/><line number="19" hits="0"/><line number="41" hits="1"/><line number="43" hits="1"/><line number="44" hits="1"/><line number="45" hits="1"/><line number="52" hits="1"/><line number="53" hits="1"/><line number="83" hits="1"/><line number="85" hits="1"/><line number="86" hits="1"/><line number="88" hits="1"/><line number="89" hits="1"/><line number="96" hits="1"/><line number="97" hits="1"/><line number="107" hits="2"/><line number="108" hits="1"/><line number="128" hits="1"/><line number="129" hits="1"/><line number="130" hits="1"/><line number="131" hits="1"/><line number="132" hits="1"/><line number="134" hits="1"/><line number="135" hits="1"/><line number="136" hits="1"/><line number="137" hits="1"/><line number="139" hits="1"/><line number="141" hits="1"/></lines></class><class name="mod" filename="mod.rs" line-rate="0.8947368" branch-rate="1.0" complexity="0.0"><methods/><lines><line number="15" hits="1"/><line number="16" hits="0"/><line number="30" hits="3"/><line number="39" hits="3"/><line number="40" hits="0"/><line number="72" hits="3"/><line number="74" hits="3"/><line number="75" hits="3"/><line number="76" hits="3"/><line number="77" hits="3"/><line number="78" hits="3"/><line number="85" hits="3"/><line number="86" hits="3"/><line number="96" hits="2"/><line number="97" hits="1"/><line number="109" hits="1"/><line number="110" hits="1"/><line number="111" hits="1"/><line number="114" hits="1"/></lines></class></classes></package><package name="dna_c_binding/src" line-rate="0.85333335" branch-rate="1.0" complexity="0.0"><classes><class name="lib" filename="lib.rs" line-rate="0.85333335" branch-rate="1.0" complexity="0.0"><methods/><lines><line number="15" hits="1"/><line number="16" hits="2"/><line number="17" hits="1"/><line number="18" hits="0"/><line number="23" hits="1"/><line number="24" hits="2"/><line number="25" hits="1"/><line number="27" hits="1"/><line number="28" hits="1"/><line number="29" hits="0"/><line number="32" hits="1"/><line number="34" hits="1"/><line number="35" hits="0"/><line number="40" hits="1"/><line number="41" hits="2"/><line number="48" hits="1"/><line number="52" hits="1"/><line number="53" hits="2"/><line number="54" hits="1"/><line number="55" hits="1"/><line number="56" hits="1"/><line number="59" hits="1"/><line number="60" hits="1"/><line number="61" hits="0"/><line number="64" hits="1"/><line number="65" hits="1"/><line number="66" hits="0"/><line number="69" hits="1"/><line number="71" hits="1"/><line number="72" hits="0"/><line number="77" hits="1"/><line number="78" hits="2"/><line number="85" hits="1"/><line number="93" hits="2"/><line number="94" hits="4"/><line number="95" hits="2"/><line number="96" hits="2"/><line number="97" hits="0"/><line number="99" hits="2"/><line number="102" hits="2"/><line number="104" hits="2"/><line number="105" hits="2"/><line number="106" hits="0"/><line number="109" hits="2"/><line number="111" hits="2"/><line number="112" hits="0"/><line number="117" hits="1"/><line number="118" hits="2"/><line number="119" hits="1"/><line number="120" hits="1"/><line number="121" hits="0"/><line number="123" hits="1"/><line number="125" hits="1"/><line number="126" hits="1"/><line number="127" hits="1"/><line number="165" hits="2"/><line number="166" hits="0"/><line number="167" hits="1"/><line number="168" hits="1"/><line number="170" hits="1"/><line number="171" hits="1"/><line number="173" hits="1"/><line number="174" hits="1"/><line number="175" hits="1"/><line number="176" hits="1"/><line number="178" hits="1"/><line number="182" hits="2"/><line number="183" hits="1"/><line number="185" hits="1"/><line number="187" hits="1"/><line number="189" hits="1"/><line number="190" hits="1"/><line number="192" hits="1"/><line number="194" hits="1"/><line number="195" hits="1"/></lines></class></classes></package><package name="test_bin/src" line-rate="0" branch-rate="1.0" complexity="0.0"><classes><class name="main" filename="main.rs" line-rate="0" branch-rate="1.0" complexity="0.0"><methods/><lines><line number="14" hits="0"/><line number="15" hits="0"/><line number="16" hits="0"/><line number="19" hits="0"/><line number="20" hits="0"/><line number="22" hits="0"/><line number="23" hits="0"/><line number="26" hits="0"/><line number="28" hits="0"/><line number="29" hits="0"/><line number="33" hits="0"/><line number="34" hits="0"/><line number="35" hits="0"/><line number="36" hits="0"/><line number="37" hits="0"/><line number="38" hits="0"/><line number="40" hits="0"/><line number="41" hits="0"/><line number="44" hits="0"/><line number="45" hits="0"/><line number="52" hits="0"/><line number="53" hits="0"/><line number="60" hits="0"/><line number="61" hits="0"/></lines></class></classes></package></packages></coverage>